#-----------------------------------------------------------
# Vivado v2018.1 (64-bit)
# SW Build 2188600 on Wed Apr  4 18:40:38 MDT 2018
# IP Build 2185939 on Wed Apr  4 20:55:05 MDT 2018
# Start of session at: Tue Jun 12 17:15:51 2018
# Process ID: 3920
# Current directory: C:/Users/Supun Kandambige/Documents/FYP/ADS_Supiri_Project
# Command line: vivado.exe -gui_launcher_event rodinguilauncherevent3216 C:\Users\Supun Kandambige\Documents\FYP\ADS_Supiri_Project\SuperAHB.xpr
# Log file: C:/Users/Supun Kandambige/Documents/FYP/ADS_Supiri_Project/vivado.log
# Journal file: C:/Users/Supun Kandambige/Documents/FYP/ADS_Supiri_Project\vivado.jou
#-----------------------------------------------------------
start_gui
open_project {C:/Users/Supun Kandambige/Documents/FYP/ADS_Supiri_Project/SuperAHB.xpr}
INFO: [Project 1-313] Project file moved from 'C:/Users/hp/Desktop/ADSProject1/SuperAHB' since last save.
Scanning sources...
Finished scanning sources
INFO: [IP_Flow 19-234] Refreshing IP repositories
INFO: [IP_Flow 19-1704] No user IP repositories specified
INFO: [IP_Flow 19-2313] Loaded Vivado IP repository 'C:/Xilinx/Vivado/2018.1/data/ip'.
open_project: Time (s): cpu = 00:00:16 ; elapsed = 00:00:07 . Memory (MB): peak = 808.590 ; gain = 91.234
update_compile_order -fileset sources_1
update_ip_catalog
exit
INFO: [Common 17-206] Exiting Vivado at Tue Jun 12 17:31:59 2018...
