#-----------------------------------------------------------
# Vivado v2018.1 (64-bit)
# SW Build 2188600 on Wed Apr  4 18:40:38 MDT 2018
# IP Build 2185939 on Wed Apr  4 20:55:05 MDT 2018
# Start of session at: Wed Jun 13 22:43:40 2018
# Process ID: 7388
# Current directory: C:/Users/hp/Desktop/ADSProject1/SuperAHB
# Command line: vivado.exe -gui_launcher_event rodinguilauncherevent3032 C:\Users\hp\Desktop\ADSProject1\SuperAHB\SuperAHB.xpr
# Log file: C:/Users/hp/Desktop/ADSProject1/SuperAHB/vivado.log
# Journal file: C:/Users/hp/Desktop/ADSProject1/SuperAHB\vivado.jou
#-----------------------------------------------------------
start_gui
open_project C:/Users/hp/Desktop/ADSProject1/SuperAHB/SuperAHB.xpr
CRITICAL WARNING: [Project 1-19] Could not find the file 'C:/Users/hp/Desktop/ADSProject1/SuperAHB/SuperAHB.srcs/sources_1/new/Clock.v'.
Scanning sources...
Finished scanning sources
INFO: [IP_Flow 19-234] Refreshing IP repositories
INFO: [IP_Flow 19-1704] No user IP repositories specified
INFO: [IP_Flow 19-2313] Loaded Vivado IP repository 'D:/Vivado/2018.1/data/ip'.
open_project: Time (s): cpu = 00:00:12 ; elapsed = 00:00:12 . Memory (MB): peak = 801.125 ; gain = 74.516
update_compile_order -fileset sources_1
exit
INFO: [Common 17-206] Exiting Vivado at Wed Jun 13 22:47:46 2018...
